0 info it worked if it ends with ok
1 verbose cli [ '/usr/local/bin/node', '/usr/local/bin/npm', 'run', 'release' ]
2 info using npm@3.10.10
3 info using node@v6.11.2
4 verbose run-script [ 'prerelease', 'release', 'postrelease' ]
5 info lifecycle abl-sdk-feathers@0.10.20~prerelease: abl-sdk-feathers@0.10.20
6 silly lifecycle abl-sdk-feathers@0.10.20~prerelease: no script for prerelease, continuing
7 info lifecycle abl-sdk-feathers@0.10.20~release: abl-sdk-feathers@0.10.20
8 verbose lifecycle abl-sdk-feathers@0.10.20~release: unsafe-perm in lifecycle true
9 verbose lifecycle abl-sdk-feathers@0.10.20~release: PATH: /usr/local/lib/node_modules/npm/bin/node-gyp-bin:/Users/kevdawg/Projects/abl-sdk-feathers/node_modules/.bin:/usr/local/bin:/usr/bin:/bin:/usr/sbin:/sbin:/Users/kevdawg/.node/bin:/usr/local/bin/ec2/ec2-api-tools-1.7.4.0/bin
10 verbose lifecycle abl-sdk-feathers@0.10.20~release: CWD: /Users/kevdawg/Projects/abl-sdk-feathers
11 silly lifecycle abl-sdk-feathers@0.10.20~release: Args: [ '-c',
11 silly lifecycle   'release () { npm run pull && if [ -z $1 ]; then npm version patch; else npm version $1; fi && npm run push; }; release' ]
12 silly lifecycle abl-sdk-feathers@0.10.20~release: Returned: code: 1  signal: null
13 info lifecycle abl-sdk-feathers@0.10.20~release: Failed to exec release script
14 verbose stack Error: abl-sdk-feathers@0.10.20 release: `release () { npm run pull && if [ -z $1 ]; then npm version patch; else npm version $1; fi && npm run push; }; release`
14 verbose stack Exit status 1
14 verbose stack     at EventEmitter.<anonymous> (/usr/local/lib/node_modules/npm/lib/utils/lifecycle.js:255:16)
14 verbose stack     at emitTwo (events.js:106:13)
14 verbose stack     at EventEmitter.emit (events.js:191:7)
14 verbose stack     at ChildProcess.<anonymous> (/usr/local/lib/node_modules/npm/lib/utils/spawn.js:40:14)
14 verbose stack     at emitTwo (events.js:106:13)
14 verbose stack     at ChildProcess.emit (events.js:191:7)
14 verbose stack     at maybeClose (internal/child_process.js:891:16)
14 verbose stack     at Process.ChildProcess._handle.onexit (internal/child_process.js:226:5)
15 verbose pkgid abl-sdk-feathers@0.10.20
16 verbose cwd /Users/kevdawg/Projects/abl-sdk-feathers
17 error Darwin 14.5.0
18 error argv "/usr/local/bin/node" "/usr/local/bin/npm" "run" "release"
19 error node v6.11.2
20 error npm  v3.10.10
21 error code ELIFECYCLE
22 error abl-sdk-feathers@0.10.20 release: `release () { npm run pull && if [ -z $1 ]; then npm version patch; else npm version $1; fi && npm run push; }; release`
22 error Exit status 1
23 error Failed at the abl-sdk-feathers@0.10.20 release script 'release () { npm run pull && if [ -z $1 ]; then npm version patch; else npm version $1; fi && npm run push; }; release'.
23 error Make sure you have the latest version of node.js and npm installed.
23 error If you do, this is most likely a problem with the abl-sdk-feathers package,
23 error not with npm itself.
23 error Tell the author that this fails on your system:
23 error     release () { npm run pull && if [ -z $1 ]; then npm version patch; else npm version $1; fi && npm run push; }; release
23 error You can get information on how to open an issue for this project with:
23 error     npm bugs abl-sdk-feathers
23 error Or if that isn't available, you can get their info via:
23 error     npm owner ls abl-sdk-feathers
23 error There is likely additional logging output above.
24 verbose exit [ 1, true ]
